[2022-04-30 19:42:55,749][root][INFO] - Train dataset length 45000
[2022-04-30 19:42:55,790][root][INFO] - Val dataset length 5000
[2022-04-30 19:42:55,790][root][INFO] - Test dataset length 10000
[2022-04-30 19:42:58,801][root][INFO] - Excluding bias and batchnorm layers from weight decay.
[2022-04-30 19:42:58,818][root][INFO] - Dense FLOPs 315,460,224
[2022-04-30 19:42:58,820][root][INFO] - Removing biases...
[2022-04-30 19:42:58,820][root][INFO] - Removing 2D batch norms...
[2022-04-30 19:42:58,821][root][INFO] - Removing 1D batch norms...
[2022-04-30 19:42:58,821][root][INFO] - Removing (first layer) conv1.weight of size 432 parameters.
[2022-04-30 19:42:59,063][root][INFO] - Total Model parameters: 1079642.
[2022-04-30 19:42:59,063][root][INFO] - Total parameters after removed layers: 1076480.
[2022-04-30 19:42:59,063][root][INFO] - Total parameters under sparsity level of 0.05: 54147
[2022-04-30 19:42:59,063][root][INFO] - Achieved sparsity at init (w/o BN, bias): 0.0503
[2022-04-30 19:42:59,139][root][INFO] - Inference (Sparse) FLOPs (at init) 16,809,482
[2022-04-30 19:42:59,140][root][INFO] - Not resuming, training from scratch.
[2022-04-30 19:43:34,871][root][INFO] - Train Epoch 1 Iters 352 Mask Updates 0 Train loss 1.371611 Prune Rate 0.50000 Density 0.05030 Inference FLOPs: 0.0533 Avg Inference FLOPs: 0.0533
[2022-04-30 19:43:38,569][root][INFO] - Val Epoch 1 Iters 352 val loss -3.790250 top-1 accuracy 0.4779 top-5 accuracy 0.9354
[2022-04-30 19:44:14,364][root][INFO] - Train Epoch 2 Iters 704 Mask Updates 0 Train loss 1.142996 Prune Rate 0.50000 Density 0.05030 Inference FLOPs: 0.0533 Avg Inference FLOPs: 0.0533
[2022-04-30 19:44:18,065][root][INFO] - Val Epoch 2 Iters 704 val loss -5.276186 top-1 accuracy 0.5350 top-5 accuracy 0.9359
[2022-04-30 19:44:53,672][root][INFO] - Train Epoch 3 Iters 1056 Mask Updates 0 Train loss 1.065247 Prune Rate 0.50000 Density 0.05030 Inference FLOPs: 0.0533 Avg Inference FLOPs: 0.0533
[2022-04-30 19:44:57,431][root][INFO] - Val Epoch 3 Iters 1056 val loss -5.887432 top-1 accuracy 0.6334 top-5 accuracy 0.9604
[2022-04-30 19:45:33,138][root][INFO] - Train Epoch 4 Iters 1408 Mask Updates 0 Train loss 1.004015 Prune Rate 0.50000 Density 0.05030 Inference FLOPs: 0.0533 Avg Inference FLOPs: 0.0533
[2022-04-30 19:45:36,897][root][INFO] - Val Epoch 4 Iters 1408 val loss -5.527653 top-1 accuracy 0.6135 top-5 accuracy 0.9617
[2022-04-30 19:46:12,555][root][INFO] - Train Epoch 5 Iters 1760 Mask Updates 0 Train loss 0.940452 Prune Rate 0.50000 Density 0.05030 Inference FLOPs: 0.0533 Avg Inference FLOPs: 0.0533
[2022-04-30 19:46:16,314][root][INFO] - Val Epoch 5 Iters 1760 val loss -6.676575 top-1 accuracy 0.6193 top-5 accuracy 0.9686
[2022-04-30 19:46:52,067][root][INFO] - Train Epoch 6 Iters 2112 Mask Updates 0 Train loss 0.935375 Prune Rate 0.50000 Density 0.05030 Inference FLOPs: 0.0533 Avg Inference FLOPs: 0.0533
[2022-04-30 19:46:55,743][root][INFO] - Val Epoch 6 Iters 2112 val loss -7.141369 top-1 accuracy 0.6709 top-5 accuracy 0.9699
[2022-04-30 19:47:31,559][root][INFO] - Train Epoch 7 Iters 2464 Mask Updates 0 Train loss 0.912811 Prune Rate 0.50000 Density 0.05030 Inference FLOPs: 0.0533 Avg Inference FLOPs: 0.0533
[2022-04-30 19:47:35,333][root][INFO] - Val Epoch 7 Iters 2464 val loss -7.303452 top-1 accuracy 0.6662 top-5 accuracy 0.9764
[2022-04-30 19:48:11,223][root][INFO] - Train Epoch 8 Iters 2816 Mask Updates 0 Train loss 0.889858 Prune Rate 0.50000 Density 0.05030 Inference FLOPs: 0.0533 Avg Inference FLOPs: 0.0533
[2022-04-30 19:48:15,015][root][INFO] - Val Epoch 8 Iters 2816 val loss -7.124524 top-1 accuracy 0.7213 top-5 accuracy 0.9758
[2022-04-30 19:48:50,893][root][INFO] - Train Epoch 9 Iters 3168 Mask Updates 0 Train loss 0.863993 Prune Rate 0.50000 Density 0.05030 Inference FLOPs: 0.0533 Avg Inference FLOPs: 0.0533
[2022-04-30 19:48:54,691][root][INFO] - Val Epoch 9 Iters 3168 val loss -7.184091 top-1 accuracy 0.6953 top-5 accuracy 0.9744
[2022-04-30 19:49:30,558][root][INFO] - Train Epoch 10 Iters 3520 Mask Updates 0 Train loss 0.827812 Prune Rate 0.50000 Density 0.05030 Inference FLOPs: 0.0533 Avg Inference FLOPs: 0.0533
[2022-04-30 19:49:34,303][root][INFO] - Val Epoch 10 Iters 3520 val loss -7.168123 top-1 accuracy 0.6717 top-5 accuracy 0.9617
[2022-04-30 19:49:34,304][root][INFO] - Epoch 10 saving weights
