[2022-04-30 19:26:58,722][root][INFO] - Train dataset length 45000
[2022-04-30 19:26:58,748][root][INFO] - Val dataset length 5000
[2022-04-30 19:26:58,748][root][INFO] - Test dataset length 10000
[2022-04-30 19:27:05,683][root][INFO] - Excluding bias and batchnorm layers from weight decay.
[2022-04-30 19:27:05,720][root][INFO] - Dense FLOPs 315,460,224
[2022-04-30 19:27:05,723][root][INFO] - Removing biases...
[2022-04-30 19:27:05,723][root][INFO] - Removing 2D batch norms...
[2022-04-30 19:27:05,724][root][INFO] - Removing 1D batch norms...
[2022-04-30 19:27:05,726][root][INFO] - Density of layer:fc.weight set to 1.0
[2022-04-30 19:27:05,727][root][INFO] - Density of layer:block1.layer.0.convShortcut.weight set to 1.0
[2022-04-30 19:27:05,729][root][INFO] - Density of layer:conv1.weight set to 1.0
[2022-04-30 19:27:06,050][root][INFO] - Total Model parameters: 1079642.
[2022-04-30 19:27:06,050][root][INFO] - Total parameters after removed layers: 1076912.
[2022-04-30 19:27:06,051][root][INFO] - Total parameters under sparsity level of 0.05: 54048
[2022-04-30 19:27:06,051][root][INFO] - Achieved sparsity at init (w/o BN, bias): 0.0502
[2022-04-30 19:27:06,179][root][INFO] - Inference (Sparse) FLOPs (at init) 27,983,743
[2022-04-30 19:27:06,206][root][INFO] - Not resuming, training from scratch.
[2022-04-30 19:28:05,262][root][INFO] - Train Epoch 1 Iters 352 Mask Updates 0 Train loss 1.252391 Prune Rate 0.30000 Density 0.05019 Inference FLOPs: 0.0887 Avg Inference FLOPs: 0.0887
[2022-04-30 19:28:10,101][root][INFO] - Val Epoch 1 Iters 352 val loss -3.382297 top-1 accuracy 0.4791 top-5 accuracy 0.9285
[2022-04-30 19:29:08,313][root][INFO] - Train Epoch 2 Iters 704 Mask Updates 0 Train loss 1.100987 Prune Rate 0.30000 Density 0.05019 Inference FLOPs: 0.0887 Avg Inference FLOPs: 0.0887
[2022-04-30 19:29:13,086][root][INFO] - Val Epoch 2 Iters 704 val loss -4.631136 top-1 accuracy 0.6113 top-5 accuracy 0.9557
[2022-04-30 19:30:11,649][root][INFO] - Train Epoch 3 Iters 1056 Mask Updates 0 Train loss 1.002035 Prune Rate 0.30000 Density 0.05019 Inference FLOPs: 0.0887 Avg Inference FLOPs: 0.0887
[2022-04-30 19:30:16,478][root][INFO] - Val Epoch 3 Iters 1056 val loss -5.726677 top-1 accuracy 0.6334 top-5 accuracy 0.9670
[2022-04-30 19:31:14,577][root][INFO] - Train Epoch 4 Iters 1408 Mask Updates 0 Train loss 0.930767 Prune Rate 0.30000 Density 0.05019 Inference FLOPs: 0.0887 Avg Inference FLOPs: 0.0887
[2022-04-30 19:31:19,369][root][INFO] - Val Epoch 4 Iters 1408 val loss -5.553394 top-1 accuracy 0.6514 top-5 accuracy 0.9703
[2022-04-30 19:32:18,279][root][INFO] - Train Epoch 5 Iters 1760 Mask Updates 0 Train loss 0.879889 Prune Rate 0.30000 Density 0.05019 Inference FLOPs: 0.0887 Avg Inference FLOPs: 0.0887
[2022-04-30 19:32:23,316][root][INFO] - Val Epoch 5 Iters 1760 val loss -5.939136 top-1 accuracy 0.6059 top-5 accuracy 0.9465
[2022-04-30 19:33:21,822][root][INFO] - Train Epoch 6 Iters 2112 Mask Updates 0 Train loss 0.901045 Prune Rate 0.30000 Density 0.05019 Inference FLOPs: 0.0887 Avg Inference FLOPs: 0.0887
[2022-04-30 19:33:26,677][root][INFO] - Val Epoch 6 Iters 2112 val loss -5.880772 top-1 accuracy 0.6756 top-5 accuracy 0.9777
[2022-04-30 19:34:24,959][root][INFO] - Train Epoch 7 Iters 2464 Mask Updates 0 Train loss 0.829685 Prune Rate 0.30000 Density 0.05019 Inference FLOPs: 0.0887 Avg Inference FLOPs: 0.0887
[2022-04-30 19:34:29,758][root][INFO] - Val Epoch 7 Iters 2464 val loss -6.490799 top-1 accuracy 0.6855 top-5 accuracy 0.9734
[2022-04-30 19:35:28,115][root][INFO] - Train Epoch 8 Iters 2816 Mask Updates 0 Train loss 0.825581 Prune Rate 0.30000 Density 0.05019 Inference FLOPs: 0.0887 Avg Inference FLOPs: 0.0887
[2022-04-30 19:35:32,851][root][INFO] - Val Epoch 8 Iters 2816 val loss -5.842546 top-1 accuracy 0.7080 top-5 accuracy 0.9691
[2022-04-30 19:36:31,364][root][INFO] - Train Epoch 9 Iters 3168 Mask Updates 0 Train loss 0.786692 Prune Rate 0.30000 Density 0.05019 Inference FLOPs: 0.0887 Avg Inference FLOPs: 0.0887
[2022-04-30 19:36:36,161][root][INFO] - Val Epoch 9 Iters 3168 val loss -6.301935 top-1 accuracy 0.6406 top-5 accuracy 0.9750
[2022-04-30 19:37:34,592][root][INFO] - Train Epoch 10 Iters 3520 Mask Updates 0 Train loss 0.772903 Prune Rate 0.30000 Density 0.05019 Inference FLOPs: 0.0887 Avg Inference FLOPs: 0.0887
[2022-04-30 19:37:39,382][root][INFO] - Val Epoch 10 Iters 3520 val loss -6.828235 top-1 accuracy 0.7244 top-5 accuracy 0.9783
[2022-04-30 19:37:39,396][root][INFO] - Epoch 10 saving weights
